<?xml version="1.0" encoding="UTF-8"?>
<!-- Generated by org.testng.reporters.JUnitReportReporter -->
<testsuite hostname="HP" failures="0" tests="1" name="doubt.ElementVerify" time="10.072" errors="0" timestamp="2024-12-03T23:02:35 IST" skipped="0">
  <testcase classname="doubt.ElementVerify" name="element" time="10.072"/>
</testsuite> <!-- doubt.ElementVerify -->
