<?xml version="1.0" encoding="UTF-8"?>
<!-- Generated by org.testng.reporters.JUnitReportReporter -->
<testsuite hostname="HP" failures="0" tests="1" name="testCases.TC_001_AccountRegistrationTest" time="2.841" errors="0" timestamp="2024-12-06T21:44:00 IST" skipped="0">
  <testcase classname="testCases.TC_001_AccountRegistrationTest" name="verify" time="2.841"/>
</testsuite> <!-- testCases.TC_001_AccountRegistrationTest -->
